<?xml version="1.0" encoding="UTF-8"?>
<!-- Generated by org.testng.reporters.JUnitReportReporter -->
<testsuite hostname="LAPTOP-2KKCO9Q0" failures="0" tests="5" name="executeClasses.StorePageTestClass" time="-1677423360.000" errors="1" timestamp="2023-02-26T20:27:26 IST" skipped="4">
  <testcase classname="executeClasses.StorePageTestClass" name="beforeMethod" time="-1677423360.000">
    <error message="
Parameter &#039;browser&#039; is required by BeforeMethod on method beforeMethod but has not been marked @Optional or defined
in C:\Users\Sruthi\AppData\Local\Temp\testng-eclipse-1531682286\testng-customsuite.xml" type="org.testng.TestNGException">
      <![CDATA[org.testng.TestNGException: 
Parameter 'browser' is required by BeforeMethod on method beforeMethod but has not been marked @Optional or defined
in C:\Users\Sruthi\AppData\Local\Temp\testng-eclipse-1531682286\testng-customsuite.xml
at org.testng.internal.Parameters.createParams(Parameters.java:267)
at org.testng.internal.Parameters.createParametersForMethod(Parameters.java:355)
at org.testng.internal.Parameters.createParameters(Parameters.java:684)
at org.testng.internal.Parameters.createConfigurationParameters(Parameters.java:166)
at org.testng.internal.invokers.ConfigInvoker.invokeConfigurations(ConfigInvoker.java:277)
at org.testng.internal.invokers.TestInvoker.runConfigMethods(TestInvoker.java:816)
at org.testng.internal.invokers.TestInvoker.invokeMethod(TestInvoker.java:590)
at org.testng.internal.invokers.TestInvoker.invokeTestMethod(TestInvoker.java:221)
at org.testng.internal.invokers.MethodRunner.runInSequence(MethodRunner.java:50)
at org.testng.internal.invokers.TestInvoker$MethodInvocationAgent.invoke(TestInvoker.java:962)
at org.testng.internal.invokers.TestInvoker.invokeTestMethods(TestInvoker.java:194)
at org.testng.internal.invokers.TestMethodWorker.invokeTestMethods(TestMethodWorker.java:148)
at org.testng.internal.invokers.TestMethodWorker.run(TestMethodWorker.java:128)
at java.base/java.util.ArrayList.forEach(ArrayList.java:1511)
at org.testng.TestRunner.privateRun(TestRunner.java:806)
at org.testng.TestRunner.run(TestRunner.java:601)
at org.testng.SuiteRunner.runTest(SuiteRunner.java:433)
at org.testng.SuiteRunner.runSequentially(SuiteRunner.java:427)
at org.testng.SuiteRunner.privateRun(SuiteRunner.java:387)
at org.testng.SuiteRunner.run(SuiteRunner.java:330)
at org.testng.SuiteRunnerWorker.runSuite(SuiteRunnerWorker.java:52)
at org.testng.SuiteRunnerWorker.run(SuiteRunnerWorker.java:95)
at org.testng.TestNG.runSuitesSequentially(TestNG.java:1256)
at org.testng.TestNG.runSuitesLocally(TestNG.java:1176)
at org.testng.TestNG.runSuites(TestNG.java:1099)
at org.testng.TestNG.run(TestNG.java:1067)
at org.testng.remote.AbstractRemoteTestNG.run(AbstractRemoteTestNG.java:115)
at org.testng.remote.RemoteTestNG.initAndRun(RemoteTestNG.java:251)
at org.testng.remote.RemoteTestNG.main(RemoteTestNG.java:77)
]]>
    </error>
  </testcase> <!-- beforeMethod -->
  <system-out/>
  <testcase classname="executeClasses.StorePageTestClass" name="verifyTheStoresPageIsVisibleByClickingOnStoresTab" time="0.000">
    <skipped/>
  </testcase> <!-- verifyTheStoresPageIsVisibleByClickingOnStoresTab -->
  <system-out/>
  <testcase classname="executeClasses.StorePageTestClass" name="verifyToCreateANewStore" time="0.000">
    <skipped/>
  </testcase> <!-- verifyToCreateANewStore -->
  <system-out/>
  <testcase classname="executeClasses.StorePageTestClass" name="verifyStoreNameSearchByUsingStoreName" time="0.000">
    <skipped/>
  </testcase> <!-- verifyStoreNameSearchByUsingStoreName -->
  <system-out/>
  <testcase classname="executeClasses.StorePageTestClass" name="verifyTheAddStoreButtonIsVisible" time="0.000">
    <skipped/>
  </testcase> <!-- verifyTheAddStoreButtonIsVisible -->
  <system-out/>
</testsuite> <!-- executeClasses.StorePageTestClass -->
